<?xml version="1.0" encoding="UTF-8"?>
<robot generator="Robot 4.1.3 (Python 3.10.2 on win32)" generated="20220222 14:48:20.850" rpa="false" schemaversion="2">
<suite id="s1" name="Tests" source="C:\Users\Jakob Nilsson\PycharmProjects\robot\Tests">
<suite id="s1-s1" name="Webtest" source="C:\Users\Jakob Nilsson\PycharmProjects\robot\Tests\webtest.robot">
<test id="s1-s1-t1" name="User Can Access Website And Search For Product">
<kw name="Begin Web Test">
<kw name="Open Browser" library="SeleniumLibrary">
<arg>about:blank</arg>
<arg>chrome</arg>
<doc>Opens a new browser instance to the optional ``url``.</doc>
<msg timestamp="20220222 14:48:21.178" level="INFO">Opening browser 'chrome' to base url 'about:blank'.</msg>
<status status="PASS" starttime="20220222 14:48:21.178" endtime="20220222 14:48:22.715"/>
</kw>
<status status="PASS" starttime="20220222 14:48:21.178" endtime="20220222 14:48:22.715"/>
</kw>
<kw name="Go To Web Page">
<kw name="Go To" library="SeleniumLibrary">
<arg>https://www.mediamarkt.se</arg>
<doc>Navigates the current browser window to the provided ``url``.</doc>
<msg timestamp="20220222 14:48:22.717" level="INFO">Opening url 'https://www.mediamarkt.se'</msg>
<status status="PASS" starttime="20220222 14:48:22.717" endtime="20220222 14:48:25.095"/>
</kw>
<kw name="Wait Until Page Contains" library="SeleniumLibrary">
<arg>Om MediaMarkt</arg>
<doc>Waits until ``text`` appears on the current page.</doc>
<status status="PASS" starttime="20220222 14:48:25.095" endtime="20220222 14:48:25.746"/>
</kw>
<status status="PASS" starttime="20220222 14:48:22.716" endtime="20220222 14:48:25.746"/>
</kw>
<kw name="Search For Product">
<kw name="Input Text" library="SeleniumLibrary">
<arg>//*[@id="search-autocomplete"]/form/input[1]</arg>
<arg>Game &amp; Watch: The Legend of Zelda</arg>
<doc>Types the given ``text`` into the text field identified by ``locator``.</doc>
<msg timestamp="20220222 14:48:25.749" level="INFO">Typing text 'Game &amp; Watch: The Legend of Zelda' into text field '//*[@id="search-autocomplete"]/form/input[1]'.</msg>
<status status="PASS" starttime="20220222 14:48:25.748" endtime="20220222 14:48:25.984"/>
</kw>
<kw name="Press Keys" library="SeleniumLibrary">
<arg>//*[@id="search-autocomplete"]/form/input[1]</arg>
<arg>RETURN</arg>
<doc>Simulates the user pressing key(s) to an element or on the active browser.</doc>
<msg timestamp="20220222 14:48:25.985" level="INFO">Sending key(s) ('RETURN',) to //*[@id="search-autocomplete"]/form/input[1] element.</msg>
<msg timestamp="20220222 14:48:26.650" level="INFO">Pressing special key RETURN to element.</msg>
<msg timestamp="20220222 14:48:26.651" level="INFO">Releasing special key RETURN.</msg>
<status status="PASS" starttime="20220222 14:48:25.984" endtime="20220222 14:48:28.290"/>
</kw>
<kw name="Wait Until Page Contains" library="SeleniumLibrary">
<arg>Game &amp; Watch: The Legend of Zelda</arg>
<doc>Waits until ``text`` appears on the current page.</doc>
<status status="PASS" starttime="20220222 14:48:28.291" endtime="20220222 14:48:28.500"/>
</kw>
<status status="PASS" starttime="20220222 14:48:25.747" endtime="20220222 14:48:28.500"/>
</kw>
<kw name="End Web Test">
<kw name="Close Browser" library="SeleniumLibrary">
<doc>Closes the current browser.</doc>
<status status="PASS" starttime="20220222 14:48:28.502" endtime="20220222 14:48:30.768"/>
</kw>
<status status="PASS" starttime="20220222 14:48:28.501" endtime="20220222 14:48:30.769"/>
</kw>
<doc>This is some basic infomation</doc>
<tag>Test 1</tag>
<status status="PASS" starttime="20220222 14:48:21.177" endtime="20220222 14:48:30.770"/>
</test>
<doc>some basic infomation</doc>
<status status="PASS" starttime="20220222 14:48:20.884" endtime="20220222 14:48:30.773"/>
</suite>
<status status="PASS" starttime="20220222 14:48:20.852" endtime="20220222 14:48:30.775"/>
</suite>
<statistics>
<total>
<stat pass="1" fail="0" skip="0">All Tests</stat>
</total>
<tag>
<stat pass="1" fail="0" skip="0">Test 1</stat>
</tag>
<suite>
<stat pass="1" fail="0" skip="0" id="s1" name="Tests">Tests</stat>
<stat pass="1" fail="0" skip="0" id="s1-s1" name="Webtest">Tests.Webtest</stat>
</suite>
</statistics>
<errors>
</errors>
</robot>
